[ohackdominesprorodrigo.netlify.app/index.html]
[backblue.gif]
[fade.gif]
[index.html]
[ohackdominesprorodrigo.netlify.app/css/styles.css]
[ohackdominesprorodrigo.netlify.app/js/fbevents.js]
[connect.facebook.net/en_US/fbevents.js]
[ohackdominesprorodrigo.netlify.app/images/63ffcaa9aed37-xs.png]
[ohackdominesprorodrigo.netlify.app/images/diamond.png]
[ohackdominesprorodrigo.netlify.app/images/empty.png]
[ohackdominesprorodrigo.netlify.app/images/giphy.gif]
[ohackdominesprorodrigo.netlify.app/index.html]
[ohackdominesprorodrigo.netlify.app/css/styles.css]
[ohackdominesprorodrigo.netlify.app/c.7.delayed]
[ohackdominesprorodrigo.netlify.app/b.8.delayed]
[ohackdominesprorodrigo.netlify.app/POST.9.delayed]
[connect.facebook.net/en_US/fbevents.js]
[ohackdominesprorodrigo.netlify.app/c.html]
[ohackdominesprorodrigo.netlify.app/b.html]
[ohackdominesprorodrigo.netlify.app/POST.html]
